<?xml version="1.0" encoding="UTF-8"?>
<!-- Generated by org.testng.reporters.JUnitReportReporter -->
<testsuite hostname="DESKTOP-IT73GSU" failures="0" tests="1" name="com.Swag_Lab_TestScript.TestSript" time="11.423" errors="0" timestamp="2023-06-04T15:24:04 IST" skipped="0">
  <testcase classname="com.Swag_Lab_TestScript.TestSript" name="orderProduct" time="11.423"/>
  <system-out/>
</testsuite> <!-- com.Swag_Lab_TestScript.TestSript -->
